(0000) 2500  0010010100000000 (   6)                 .ORIG x2500
(2500) A218  1010001000011000 (   7) Start           LDI   R1 X
(2501) 07FE  0000011111111110 (   8)                 BRZP  Start
(2502) A017  1010000000010111 (   9)                 LDI   R0 Y
(2503) 0E00  0000111000000000 (  10)                 BRNZP Skip
(2504) 54A0  0101010010100000 (  11) Skip            AND   R2 R2 #0
(2505) A415  1010010000010101 (  12)                 LDI   R2 A
(2506) 14A1  0001010010100001 (  13)                 ADD   R2 R2 #1
(2507) 1480  0001010010000000 (  14)                 ADD   R2 R2 R0
(2508) 040D  0000010000001101 (  15)                 BRZ   Store
(2509) A412  1010010000010010 (  16)                 LDI   R2 C
(250A) 14A1  0001010010100001 (  17)                 ADD   R2 R2 #1
(250B) 1480  0001010010000000 (  18)                 ADD   R2 R2 R0
(250C) 0409  0000010000001001 (  19)                 BRZ   Store
(250D) A40F  1010010000001111 (  20)                 LDI   R2 G
(250E) 14A1  0001010010100001 (  21)                 ADD   R2 R2 #1
(250F) 1480  0001010010000000 (  22)                 ADD   R2 R2 R0
(2510) 0405  0000010000000101 (  23)                 BRZ   Store
(2511) A40C  1010010000001100 (  24)                 LDI   R2 U
(2512) 14A1  0001010010100001 (  25)                 ADD   R2 R2 #1
(2513) 1480  0001010010000000 (  26)                 ADD   R2 R2 R0
(2514) 0401  0000010000000001 (  27)                 BRZ   Store
(2515) 0E01  0000111000000001 (  28)                 BRNZP Notrite
(2516) B001  1011000000000001 (  29) Store           STI   R0 Z
(2517) F025  1111000000100101 (  30) Notrite         TRAP  x25
(2518) 2600  0010011000000000 (  33) Z               .FILL x2600
(2519) FE00  1111111000000000 (  34) X               .FILL xFE00
(251A) FE02  1111111000000010 (  35) Y               .FILL xFE02
(251B) 0041  0000000001000001 (  36) A               .FILL x0041
(251C) 0043  0000000001000011 (  37) C               .FILL x0043
(251D) 0047  0000000001000111 (  38) G               .FILL x0047
(251E) 0055  0000000001010101 (  39) U               .FILL x0055
